<?xml version="1.0" encoding="UTF-8"?>
<!-- Generated by org.testng.reporters.JUnitXMLReporter -->
<testsuite ignored="0" hostname="SHREYAS-PC" failures="0" tests="3" name="Submit Order Test" time="47.319" errors="0" timestamp="2023-08-16T19:09:44 IST">
  <testcase classname="Automation.SeleniumrepeatProject.Tests.SubmitOrderTest" name="submitOrder" time="16.12"/>
  <testcase classname="Automation.SeleniumrepeatProject.Tests.SubmitOrderTest" name="submitOrder" time="4.106"/>
  <testcase classname="Automation.SeleniumrepeatProject.Tests.SubmitOrderTest" name="OderDisplay" time="1.322"/>
</testsuite> <!-- Submit Order Test -->
