<?xml version="1.0" encoding="UTF-8"?>
<!-- Generated by org.testng.reporters.JUnitXMLReporter -->
<testsuite ignored="0" hostname="SHREYAS-PC" failures="1" tests="3" name="Error Valications Test" time="60.433" errors="0" timestamp="2023-08-17T12:26:47 IST">
  <testcase classname="Automation.SeleniumrepeatProject.Tests.ErrorValidationsTest" name="ProductValidation" time="13.873"/>
  <testcase classname="Automation.SeleniumrepeatProject.Tests.ErrorValidationsTest" name="loginErrorValidation" time="0.591">
    <skipped/>
  </testcase> <!-- loginErrorValidation -->
  <testcase classname="Automation.SeleniumrepeatProject.Tests.ErrorValidationsTest" name="loginErrorValidation" time="0.565">
    <failure type="java.lang.AssertionError" message="expected [Incorrect email or password.] but found [Incorret email or password.]">
      <![CDATA[java.lang.AssertionError: expected [Incorrect email or password.] but found [Incorret email or password.]
at Automation.SeleniumrepeatProject.Tests.ErrorValidationsTest.loginErrorValidation(ErrorValidationsTest.java:21)
at java.base/java.util.ArrayList.forEach(ArrayList.java:1541)
... Removed 37 stack frames]]>
    </failure>
  </testcase> <!-- loginErrorValidation -->
</testsuite> <!-- Error Valications Test -->
