<?xml version="1.0" encoding="UTF-8"?>
<!-- Generated by org.testng.reporters.JUnitXMLReporter -->
<testsuite ignored="2" hostname="SHREYAS-PC" failures="0" tests="0" time="0.04" errors="0" timestamp="2023-08-17T20:42:39 IST">
  <testcase classname="Automation.SeleniumrepeatProject.Tests.SubmitOrderTest" name="submitOrder" time="0.0">
    <ignored/>
  </testcase> <!-- submitOrder -->
  <testcase classname="Automation.SeleniumrepeatProject.Tests.SubmitOrderTest" name="OderDisplay" time="0.0">
    <ignored/>
  </testcase> <!-- OderDisplay -->
</testsuite>
