<?xml version="1.0" encoding="UTF-8"?>
<!-- Generated by org.testng.reporters.JUnitXMLReporter -->
<testsuite ignored="0" hostname="SHREYAS-PC" failures="0" tests="3" name="Submit Order Test" time="114.801" errors="0" timestamp="2023-08-17T12:25:47 IST">
  <testcase classname="Automation.SeleniumrepeatProject.Tests.SubmitOrderTest" name="submitOrder" time="23.57"/>
  <testcase classname="Automation.SeleniumrepeatProject.Tests.SubmitOrderTest" name="submitOrder" time="4.79"/>
  <testcase classname="Automation.SeleniumrepeatProject.Tests.SubmitOrderTest" name="OderDisplay" time="1.031"/>
</testsuite> <!-- Submit Order Test -->
